TN:
SF:src/db.ts
FNF:0
FNH:0
DA:1,1
DA:2,1
DA:4,1
DA:12,1
LF:4
LH:4
BRF:0
BRH:0
end_of_record
TN:
SF:src/server.ts
FN:14,(anonymous_1)
FNF:1
FNH:1
FNDA:1,(anonymous_1)
DA:1,1
DA:3,1
DA:5,1
DA:7,1
DA:12,1
DA:14,1
DA:15,1
DA:18,1
LF:8
LH:8
BRF:0
BRH:0
end_of_record
TN:
SF:src/controllers/users.ts
FN:4,(anonymous_8)
FN:4,(anonymous_9)
FNF:2
FNH:2
FNDA:10,(anonymous_8)
FNDA:10,(anonymous_9)
DA:2,1
DA:4,10
DA:15,10
DA:17,10
DA:18,2
DA:19,2
DA:22,8
DA:23,2
DA:24,2
DA:27,6
DA:28,6
DA:36,3
DA:39,3
DA:40,3
LF:14
LH:14
BRDA:17,0,0,2
BRDA:17,1,0,10
BRDA:17,1,1,9
BRDA:22,2,0,2
BRDA:22,3,0,8
BRDA:22,3,1,7
BRF:6
BRH:6
end_of_record
TN:
SF:src/routes/users.ts
FNF:0
FNH:0
DA:1,1
DA:2,1
DA:4,1
DA:6,1
DA:8,1
LF:5
LH:5
BRF:0
BRH:0
end_of_record
